2020-01-17 18:40:33,737 [main] INFO  com.jizhi.QMApplication 48 - Starting QMApplication on SC-201804072133 with PID 1276 (E:\Ericcccccccccccccccccccccc\QMproject\quanming\target\classes started by Administrator in E:\Ericcccccccccccccccccccccc\QMproject\quanming)
2020-01-17 18:40:33,745 [main] DEBUG com.jizhi.QMApplication 51 - Running with Spring Boot v1.5.3.RELEASE, Spring v4.3.8.RELEASE
2020-01-17 18:40:33,745 [main] INFO  com.jizhi.QMApplication 637 - No active profile set, falling back to default profiles: default
2020-01-17 18:40:33,791 [main] INFO  o.s.b.c.e.AnnotationConfigEmbeddedWebApplicationContext 582 - Refreshing org.springframework.boot.context.embedded.AnnotationConfigEmbeddedWebApplicationContext@233fe9b6: startup date [Fri Jan 17 18:40:33 CST 2020]; root of context hierarchy
2020-01-17 18:40:34,135 [background-preinit] INFO  o.h.validator.internal.util.Version 30 - HV000001: Hibernate Validator 5.3.5.Final
2020-01-17 18:40:34,650 [main] INFO  o.s.d.r.c.RepositoryConfigurationDelegate 165 - Multiple Spring Data modules found, entering strict repository configuration mode!
2020-01-17 18:40:35,665 [main] INFO  o.s.b.c.e.t.TomcatEmbeddedServletContainer 89 - Tomcat initialized with port(s): 8090 (http)
2020-01-17 18:40:35,682 [main] INFO  o.a.catalina.core.StandardService 179 - Starting service Tomcat
2020-01-17 18:40:35,684 [main] INFO  o.a.catalina.core.StandardEngine 179 - Starting Servlet Engine: Apache Tomcat/8.5.14
2020-01-17 18:40:35,785 [localhost-startStop-1] INFO  o.a.c.c.C.[Tomcat].[localhost].[/] 179 - Initializing Spring embedded WebApplicationContext
2020-01-17 18:40:35,786 [localhost-startStop-1] INFO  o.s.web.context.ContextLoader 276 - Root WebApplicationContext: initialization completed in 1995 ms
2020-01-17 18:40:35,926 [localhost-startStop-1] INFO  o.s.b.w.s.ServletRegistrationBean 190 - Mapping servlet: 'dispatcherServlet' to [/]
2020-01-17 18:40:35,930 [localhost-startStop-1] INFO  o.s.b.w.s.FilterRegistrationBean 258 - Mapping filter: 'characterEncodingFilter' to: [/*]
2020-01-17 18:40:35,931 [localhost-startStop-1] INFO  o.s.b.w.s.FilterRegistrationBean 258 - Mapping filter: 'hiddenHttpMethodFilter' to: [/*]
2020-01-17 18:40:35,931 [localhost-startStop-1] INFO  o.s.b.w.s.FilterRegistrationBean 258 - Mapping filter: 'httpPutFormContentFilter' to: [/*]
2020-01-17 18:40:35,931 [localhost-startStop-1] INFO  o.s.b.w.s.FilterRegistrationBean 258 - Mapping filter: 'requestContextFilter' to: [/*]
2020-01-17 18:40:36,929 [main] INFO  o.s.w.s.m.m.a.RequestMappingHandlerAdapter 534 - Looking for @ControllerAdvice: org.springframework.boot.context.embedded.AnnotationConfigEmbeddedWebApplicationContext@233fe9b6: startup date [Fri Jan 17 18:40:33 CST 2020]; root of context hierarchy
2020-01-17 18:40:36,989 [main] INFO  o.s.w.s.m.m.a.RequestMappingHandlerMapping 543 - Mapped "{[/accountCard/queryAll]}" onto public com.jizhi.pojo.FinalResult com.jizhi.controller.AccountCardController.queryAll(javax.servlet.http.HttpServletRequest)
2020-01-17 18:40:36,990 [main] INFO  o.s.w.s.m.m.a.RequestMappingHandlerMapping 543 - Mapped "{[/accountCard/save]}" onto public com.jizhi.pojo.FinalResult com.jizhi.controller.AccountCardController.saveIdCard(com.jizhi.pojo.AccountCard,javax.servlet.http.HttpServletRequest)
2020-01-17 18:40:36,991 [main] INFO  o.s.w.s.m.m.a.RequestMappingHandlerMapping 543 - Mapped "{[/accountCard/del]}" onto public com.jizhi.pojo.FinalResult com.jizhi.controller.AccountCardController.delIdCard(com.jizhi.pojo.AccountCard)
2020-01-17 18:40:36,991 [main] INFO  o.s.w.s.m.m.a.RequestMappingHandlerMapping 543 - Mapped "{[/animal/all]}" onto public com.jizhi.pojo.FinalResult com.jizhi.controller.AnimalController.queryAnimalList()
2020-01-17 18:40:36,992 [main] INFO  o.s.w.s.m.m.a.RequestMappingHandlerMapping 543 - Mapped "{[/animal/firstPage]}" onto public com.jizhi.pojo.FinalResult com.jizhi.controller.AnimalController.firstPageInfo()
2020-01-17 18:40:36,993 [main] INFO  o.s.w.s.m.m.a.RequestMappingHandlerMapping 543 - Mapped "{[/feed/send]}" onto public com.jizhi.pojo.FinalResult com.jizhi.controller.FeedController.sendFeed(javax.servlet.http.HttpServletRequest,com.jizhi.pojo.vo.FeedSendParam)
2020-01-17 18:40:36,993 [main] INFO  o.s.w.s.m.m.a.RequestMappingHandlerMapping 543 - Mapped "{[/feed/queryTotal]}" onto public com.jizhi.pojo.FinalResult com.jizhi.controller.FeedController.queryTotalFeed(javax.servlet.http.HttpServletRequest)
2020-01-17 18:40:36,994 [main] INFO  o.s.w.s.m.m.a.RequestMappingHandlerMapping 543 - Mapped "{[/feed/queryDetail]}" onto public com.jizhi.pojo.FinalResult com.jizhi.controller.FeedController.queryFeedDetail(javax.servlet.http.HttpServletRequest)
2020-01-17 18:40:36,995 [main] INFO  o.s.w.s.m.m.a.RequestMappingHandlerMapping 543 - Mapped "{[/idCard/save]}" onto public com.jizhi.pojo.FinalResult com.jizhi.controller.IdCardController.saveIdCard(com.jizhi.pojo.IdCard,javax.servlet.http.HttpServletRequest)
2020-01-17 18:40:36,995 [main] INFO  o.s.w.s.m.m.a.RequestMappingHandlerMapping 543 - Mapped "{[/idCard/update]}" onto public com.jizhi.pojo.FinalResult com.jizhi.controller.IdCardController.updateIdCard(com.jizhi.pojo.IdCard,javax.servlet.http.HttpServletRequest)
2020-01-17 18:40:36,995 [main] INFO  o.s.w.s.m.m.a.RequestMappingHandlerMapping 543 - Mapped "{[/idCard/isConfirmed]}" onto public com.jizhi.pojo.FinalResult com.jizhi.controller.IdCardController.isConfirmed(javax.servlet.http.HttpServletRequest)
2020-01-17 18:40:36,997 [main] INFO  o.s.w.s.m.m.a.RequestMappingHandlerMapping 543 - Mapped "{[/user/allBuying]}" onto public com.jizhi.pojo.FinalResult com.jizhi.controller.MatchController.showAllBuying(javax.servlet.http.HttpServletRequest)
2020-01-17 18:40:36,998 [main] INFO  o.s.w.s.m.m.a.RequestMappingHandlerMapping 543 - Mapped "{[/user/buyerToPay]}" onto public com.jizhi.pojo.FinalResult com.jizhi.controller.MatchController.buyerToPay(com.jizhi.pojo.Match)
2020-01-17 18:40:36,998 [main] INFO  o.s.w.s.m.m.a.RequestMappingHandlerMapping 543 - Mapped "{[/user/allFeeding]}" onto public com.jizhi.pojo.FinalResult com.jizhi.controller.MatchController.showAllFeeding(javax.servlet.http.HttpServletRequest)
2020-01-17 18:40:36,998 [main] INFO  o.s.w.s.m.m.a.RequestMappingHandlerMapping 543 - Mapped "{[/user/doPay]}" onto public com.jizhi.pojo.FinalResult com.jizhi.controller.MatchController.doPay(com.jizhi.pojo.vo.BuyerDoPay,javax.servlet.http.HttpServletRequest)
2020-01-17 18:40:37,001 [main] INFO  o.s.w.s.m.m.a.RequestMappingHandlerMapping 543 - Mapped "{[/message/save]}" onto public com.jizhi.pojo.FinalResult com.jizhi.controller.MessageController.addMessage(com.jizhi.pojo.Message)
2020-01-17 18:40:37,002 [main] INFO  o.s.w.s.m.m.a.RequestMappingHandlerMapping 543 - Mapped "{[/message/all]}" onto public com.jizhi.pojo.FinalResult com.jizhi.controller.MessageController.showAllMessage()
2020-01-17 18:40:37,002 [main] INFO  o.s.w.s.m.m.a.RequestMappingHandlerMapping 543 - Mapped "{[/message/part]}" onto public com.jizhi.pojo.FinalResult com.jizhi.controller.MessageController.showMessage(com.jizhi.pojo.Message)
2020-01-17 18:40:37,002 [main] INFO  o.s.w.s.m.m.a.RequestMappingHandlerMapping 543 - Mapped "{[/message/delete]}" onto public com.jizhi.pojo.FinalResult com.jizhi.controller.MessageController.deleteMsg(com.jizhi.pojo.Message)
2020-01-17 18:40:37,003 [main] INFO  o.s.w.s.m.m.a.RequestMappingHandlerMapping 543 - Mapped "{[/que/update]}" onto public com.jizhi.pojo.FinalResult com.jizhi.controller.NormalQueController.update(com.jizhi.pojo.NormalQue)
2020-01-17 18:40:37,004 [main] INFO  o.s.w.s.m.m.a.RequestMappingHandlerMapping 543 - Mapped "{[/que/delete]}" onto public com.jizhi.pojo.FinalResult com.jizhi.controller.NormalQueController.delete(com.jizhi.pojo.NormalQue)
2020-01-17 18:40:37,004 [main] INFO  o.s.w.s.m.m.a.RequestMappingHandlerMapping 543 - Mapped "{[/que/add]}" onto public com.jizhi.pojo.FinalResult com.jizhi.controller.NormalQueController.addQue(com.jizhi.pojo.NormalQue)
2020-01-17 18:40:37,004 [main] INFO  o.s.w.s.m.m.a.RequestMappingHandlerMapping 543 - Mapped "{[/que/queryAll]}" onto public com.jizhi.pojo.FinalResult com.jizhi.controller.NormalQueController.queryAllQue()
2020-01-17 18:40:37,005 [main] INFO  o.s.w.s.m.m.a.RequestMappingHandlerMapping 543 - Mapped "{[/order/try]}" onto public com.jizhi.pojo.FinalResult com.jizhi.controller.OrderController.toOrder(com.jizhi.pojo.Animal,javax.servlet.http.HttpServletRequest)
2020-01-17 18:40:37,005 [main] INFO  o.s.w.s.m.m.a.RequestMappingHandlerMapping 543 - Mapped "{[/order/add]}" onto public com.jizhi.pojo.FinalResult com.jizhi.controller.OrderController.addOrder(com.jizhi.pojo.OrderTime,javax.servlet.http.HttpServletRequest)
2020-01-17 18:40:37,005 [main] INFO  o.s.w.s.m.m.a.RequestMappingHandlerMapping 543 - Mapped "{[/order/allOrder]}" onto public com.jizhi.pojo.FinalResult com.jizhi.controller.OrderController.queryAllByUserId(javax.servlet.http.HttpServletRequest)
2020-01-17 18:40:37,005 [main] INFO  o.s.w.s.m.m.a.RequestMappingHandlerMapping 543 - Mapped "{[/otherInfo/query]}" onto public com.jizhi.pojo.FinalResult com.jizhi.controller.OtherInfoController.query()
2020-01-17 18:40:37,006 [main] INFO  o.s.w.s.m.m.a.RequestMappingHandlerMapping 543 - Mapped "{[/profits/tryNFCToFeed]}" onto public com.jizhi.pojo.FinalResult com.jizhi.controller.ProfitsController.tryNFCToFeed(javax.servlet.http.HttpServletRequest)
2020-01-17 18:40:37,006 [main] INFO  o.s.w.s.m.m.a.RequestMappingHandlerMapping 543 - Mapped "{[/profits/NFCToFeed]}" onto public com.jizhi.pojo.FinalResult com.jizhi.controller.ProfitsController.NFCToFeed(com.jizhi.pojo.vo.FeedExchangeParam)
2020-01-17 18:40:37,007 [main] INFO  o.s.w.s.m.m.a.RequestMappingHandlerMapping 543 - Mapped "{[/profits/shareProfitsToFeed]}" onto public com.jizhi.pojo.FinalResult com.jizhi.controller.ProfitsController.shareProfitsToFeed(com.jizhi.pojo.vo.FeedExchangeParam)
2020-01-17 18:40:37,007 [main] INFO  o.s.w.s.m.m.a.RequestMappingHandlerMapping 543 - Mapped "{[/profits/tryShareProfitsToFeed]}" onto public com.jizhi.pojo.FinalResult com.jizhi.controller.ProfitsController.tryShareProfitsToFeed(javax.servlet.http.HttpServletRequest)
2020-01-17 18:40:37,007 [main] INFO  o.s.w.s.m.m.a.RequestMappingHandlerMapping 543 - Mapped "{[/profits/update]}" onto public com.jizhi.pojo.FinalResult com.jizhi.controller.ProfitsController.updateShareProfit(javax.servlet.http.HttpServletRequest,com.jizhi.pojo.vo.UserInfo)
2020-01-17 18:40:37,008 [main] INFO  o.s.w.s.m.m.a.RequestMappingHandlerMapping 543 - Mapped "{[/property/isSoldList]}" onto public com.jizhi.pojo.FinalResult com.jizhi.controller.PropertyController.isSold(javax.servlet.http.HttpServletRequest)
2020-01-17 18:40:37,008 [main] INFO  o.s.w.s.m.m.a.RequestMappingHandlerMapping 543 - Mapped "{[/property/cancelSell]}" onto public com.jizhi.pojo.FinalResult com.jizhi.controller.PropertyController.cancelSell(com.jizhi.pojo.vo.Sell)
2020-01-17 18:40:37,008 [main] INFO  o.s.w.s.m.m.a.RequestMappingHandlerMapping 543 - Mapped "{[/property/toSell]}" onto public com.jizhi.pojo.FinalResult com.jizhi.controller.PropertyController.toSell(com.jizhi.pojo.Match)
2020-01-17 18:40:37,009 [main] INFO  o.s.w.s.m.m.a.RequestMappingHandlerMapping 543 - Mapped "{[/property/isSellingList]}" onto public com.jizhi.pojo.FinalResult com.jizhi.controller.PropertyController.isSelling(javax.servlet.http.HttpServletRequest)
2020-01-17 18:40:37,009 [main] INFO  o.s.w.s.m.m.a.RequestMappingHandlerMapping 543 - Mapped "{[/property/waitSellList]}" onto public com.jizhi.pojo.FinalResult com.jizhi.controller.PropertyController.waitSell(javax.servlet.http.HttpServletRequest)
2020-01-17 18:40:37,009 [main] INFO  o.s.w.s.m.m.a.RequestMappingHandlerMapping 543 - Mapped "{[/property/doSell]}" onto public com.jizhi.pojo.FinalResult com.jizhi.controller.PropertyController.doSell(com.jizhi.pojo.vo.Sell)
2020-01-17 18:40:37,010 [main] INFO  o.s.w.s.m.m.a.RequestMappingHandlerMapping 543 - Mapped "{[/serviceOnline/query]}" onto public com.jizhi.pojo.FinalResult com.jizhi.controller.ServiceOnlineController.query(javax.servlet.http.HttpServletRequest)
2020-01-17 18:40:37,010 [main] INFO  o.s.w.s.m.m.a.RequestMappingHandlerMapping 543 - Mapped "{[/serviceOnline/sendMsg]}" onto public com.jizhi.pojo.FinalResult com.jizhi.controller.ServiceOnlineController.addMsg(javax.servlet.http.HttpServletRequest,com.jizhi.pojo.ServiceOnline)
2020-01-17 18:40:37,010 [main] INFO  o.s.w.s.m.m.a.RequestMappingHandlerMapping 543 - Mapped "{[/serviceOnline/sendPic]}" onto public com.jizhi.pojo.FinalResult com.jizhi.controller.ServiceOnlineController.addPic(javax.servlet.http.HttpServletRequest,com.jizhi.pojo.ServiceOnline)
2020-01-17 18:40:37,010 [main] INFO  o.s.w.s.m.m.a.RequestMappingHandlerMapping 543 - Mapped "{[/serviceOnline/allNotAnswered]}" onto public com.jizhi.pojo.FinalResult com.jizhi.controller.ServiceOnlineController.queryNotAnswered()
2020-01-17 18:40:37,011 [main] INFO  o.s.w.s.m.m.a.RequestMappingHandlerMapping 543 - Mapped "{[/serviceOnline/queryQue]}" onto public com.jizhi.pojo.FinalResult com.jizhi.controller.ServiceOnlineController.queryQue(com.jizhi.pojo.User)
2020-01-17 18:40:37,011 [main] INFO  o.s.w.s.m.m.a.RequestMappingHandlerMapping 543 - Mapped "{[/serviceOnline/answer]}" onto public com.jizhi.pojo.FinalResult com.jizhi.controller.ServiceOnlineController.answer(com.jizhi.pojo.ServiceOnline)
2020-01-17 18:40:37,012 [main] INFO  o.s.w.s.m.m.a.RequestMappingHandlerMapping 543 - Mapped "{[/qm/register]}" onto public com.jizhi.pojo.FinalResult com.jizhi.controller.UserController.register(com.jizhi.pojo.vo.LoginInfo)
2020-01-17 18:40:37,013 [main] INFO  o.s.w.s.m.m.a.RequestMappingHandlerMapping 543 - Mapped "{[/qm/test]}" onto public java.lang.String com.jizhi.controller.UserController.voidtest(javax.servlet.http.HttpServletRequest)
2020-01-17 18:40:37,014 [main] INFO  o.s.w.s.m.m.a.RequestMappingHandlerMapping 543 - Mapped "{[/qm/login]}" onto public com.jizhi.pojo.FinalResult com.jizhi.controller.UserController.login(com.jizhi.pojo.User)
2020-01-17 18:40:37,014 [main] INFO  o.s.w.s.m.m.a.RequestMappingHandlerMapping 543 - Mapped "{[/qm/renamePsw]}" onto public com.jizhi.pojo.FinalResult com.jizhi.controller.UserController.forgetPsw(com.jizhi.pojo.vo.LoginInfo)
2020-01-17 18:40:37,014 [main] INFO  o.s.w.s.m.m.a.RequestMappingHandlerMapping 543 - Mapped "{[/qm/updateSecondPsw]}" onto public com.jizhi.pojo.FinalResult com.jizhi.controller.UserController.updateSecondPsw(com.jizhi.pojo.vo.PswInfo,javax.servlet.http.HttpServletRequest)
2020-01-17 18:40:37,015 [main] INFO  o.s.w.s.m.m.a.RequestMappingHandlerMapping 543 - Mapped "{[/qm/myTeam]}" onto public com.jizhi.pojo.FinalResult com.jizhi.controller.UserController.queryMyTeam(javax.servlet.http.HttpServletRequest)
2020-01-17 18:40:37,015 [main] INFO  o.s.w.s.m.m.a.RequestMappingHandlerMapping 543 - Mapped "{[/qm/updatePsw]}" onto public com.jizhi.pojo.FinalResult com.jizhi.controller.UserController.updatePsw(com.jizhi.pojo.vo.PswInfo,javax.servlet.http.HttpServletRequest)
2020-01-17 18:40:37,015 [main] INFO  o.s.w.s.m.m.a.RequestMappingHandlerMapping 543 - Mapped "{[/qm/share]}" onto public com.jizhi.pojo.FinalResult com.jizhi.controller.UserController.share(javax.servlet.http.HttpServletRequest)
2020-01-17 18:40:37,015 [main] INFO  o.s.w.s.m.m.a.RequestMappingHandlerMapping 543 - Mapped "{[/qm/userInfo]}" onto public com.jizhi.pojo.FinalResult com.jizhi.controller.UserController.queryUserInfo(javax.servlet.http.HttpServletRequest)
2020-01-17 18:40:37,015 [main] INFO  o.s.w.s.m.m.a.RequestMappingHandlerMapping 543 - Mapped "{[/qm/code]}" onto public com.jizhi.pojo.FinalResult com.jizhi.controller.UserController.sendMsgCode(com.jizhi.pojo.User) throws java.lang.Exception
2020-01-17 18:40:37,016 [main] INFO  o.s.w.s.m.m.a.RequestMappingHandlerMapping 543 - Mapped "{[/qm/quit]}" onto public com.jizhi.pojo.FinalResult com.jizhi.controller.UserController.quit(javax.servlet.http.HttpServletRequest)
2020-01-17 18:40:37,018 [main] INFO  o.s.w.s.m.m.a.RequestMappingHandlerMapping 543 - Mapped "{[/error]}" onto public org.springframework.http.ResponseEntity<java.util.Map<java.lang.String, java.lang.Object>> org.springframework.boot.autoconfigure.web.BasicErrorController.error(javax.servlet.http.HttpServletRequest)
2020-01-17 18:40:37,019 [main] INFO  o.s.w.s.m.m.a.RequestMappingHandlerMapping 543 - Mapped "{[/error],produces=[text/html]}" onto public org.springframework.web.servlet.ModelAndView org.springframework.boot.autoconfigure.web.BasicErrorController.errorHtml(javax.servlet.http.HttpServletRequest,javax.servlet.http.HttpServletResponse)
2020-01-17 18:40:37,043 [main] INFO  o.s.w.s.h.SimpleUrlHandlerMapping 362 - Mapped URL path [/pics/**] onto handler of type [class org.springframework.web.servlet.resource.ResourceHttpRequestHandler]
2020-01-17 18:40:37,045 [main] INFO  o.s.w.s.h.SimpleUrlHandlerMapping 362 - Mapped URL path [/webjars/**] onto handler of type [class org.springframework.web.servlet.resource.ResourceHttpRequestHandler]
2020-01-17 18:40:37,045 [main] INFO  o.s.w.s.h.SimpleUrlHandlerMapping 362 - Mapped URL path [/**] onto handler of type [class org.springframework.web.servlet.resource.ResourceHttpRequestHandler]
2020-01-17 18:40:37,075 [main] INFO  o.s.w.s.h.SimpleUrlHandlerMapping 362 - Mapped URL path [/**/favicon.ico] onto handler of type [class org.springframework.web.servlet.resource.ResourceHttpRequestHandler]
2020-01-17 18:40:37,304 [main] INFO  o.s.j.e.a.AnnotationMBeanExporter 431 - Registering beans for JMX exposure on startup
2020-01-17 18:40:37,316 [main] INFO  o.s.s.a.ScheduledAnnotationBeanPostProcessor 260 - No TaskScheduler/ScheduledExecutorService bean found for scheduled processing
2020-01-17 18:40:37,329 [main] INFO  o.a.coyote.http11.Http11NioProtocol 179 - Initializing ProtocolHandler ["http-nio-8090"]
2020-01-17 18:40:37,336 [pool-2-thread-1] WARN  o.a.tomcat.jdbc.pool.ConnectionPool 179 - maxIdle is larger than maxActive, setting maxIdle to: 20
2020-01-17 18:40:37,344 [main] INFO  o.a.coyote.http11.Http11NioProtocol 179 - Starting ProtocolHandler ["http-nio-8090"]
2020-01-17 18:40:37,358 [main] INFO  o.a.tomcat.util.net.NioSelectorPool 179 - Using a shared selector for servlet write/read
2020-01-17 18:40:37,379 [main] INFO  o.s.b.c.e.t.TomcatEmbeddedServletContainer 198 - Tomcat started on port(s): 8090 (http)
2020-01-17 18:40:37,383 [main] INFO  com.jizhi.QMApplication 57 - Started QMApplication in 3.987 seconds (JVM running for 4.458)
2020-01-17 18:40:37,599 [pool-2-thread-1] DEBUG com.jizhi.dao.AnimalDao.queryAll 159 - ==>  Preparing: select id,animalType,size,minPrice,maxPrice,profit,cycle,nfc,isShow from animal 
2020-01-17 18:40:37,620 [pool-2-thread-1] DEBUG com.jizhi.dao.AnimalDao.queryAll 159 - ==> Parameters: 
2020-01-17 18:40:37,631 [pool-2-thread-1] DEBUG com.jizhi.dao.AnimalDao.queryAll 159 - <==      Total: 2
2020-01-17 18:40:37,632 [pool-2-thread-1] DEBUG c.j.dao.OrderTimeDao.queryByAnimalId 159 - ==>  Preparing: select id, animalId, startTime,endTime from order_time where animalId=? 
2020-01-17 18:40:37,633 [pool-2-thread-1] DEBUG c.j.dao.OrderTimeDao.queryByAnimalId 159 - ==> Parameters: 1(Integer)
2020-01-17 18:40:37,634 [pool-2-thread-1] DEBUG c.j.dao.OrderTimeDao.queryByAnimalId 159 - <==      Total: 2
2020-01-17 18:40:37,634 [pool-2-thread-1] DEBUG c.j.dao.OrderTimeDao.queryByAnimalId 159 - ==>  Preparing: select id, animalId, startTime,endTime from order_time where animalId=? 
2020-01-17 18:40:37,634 [pool-2-thread-1] DEBUG c.j.dao.OrderTimeDao.queryByAnimalId 159 - ==> Parameters: 2(Integer)
2020-01-17 18:40:37,636 [pool-2-thread-1] DEBUG c.j.dao.OrderTimeDao.queryByAnimalId 159 - <==      Total: 2
2020-01-17 18:40:37,640 [pool-2-thread-1] DEBUG com.jizhi.dao.AnimalDao.queryById 159 - ==>  Preparing: select id,animalType,size,profit,minPrice,maxPrice,nfc,cycle from animal where id=? 
2020-01-17 18:40:37,640 [pool-2-thread-1] DEBUG com.jizhi.dao.AnimalDao.queryById 159 - ==> Parameters: 2(Integer)
2020-01-17 18:40:37,641 [pool-2-thread-1] DEBUG com.jizhi.dao.AnimalDao.queryById 159 - <==      Total: 1
2020-01-17 18:40:37,645 [pool-2-thread-1] DEBUG com.jizhi.dao.OrderDao.queryAll 159 - ==>  Preparing: select id,userId,animalId,date,time,state,role from orders where animalId=? and date=? and time=? and state=1 and role=0 and flag=0 
2020-01-17 18:40:37,645 [pool-2-thread-1] DEBUG com.jizhi.dao.OrderDao.queryAll 159 - ==> Parameters: 2(Integer), 2020-01-17(String), 14:00(String)
2020-01-17 18:40:37,646 [pool-2-thread-1] DEBUG com.jizhi.dao.OrderDao.queryAll 159 - <==      Total: 0
2020-01-17 18:40:37,648 [pool-2-thread-1] DEBUG c.jizhi.dao.PropertyDao.queryCanSell 159 - ==>  Preparing: select id,userId,animalId,price,buyDate,buyTime,role,code from property where animalId=? and buyDate=? and buyTime=? and isSold=0 and role=0 
2020-01-17 18:40:37,649 [pool-2-thread-1] DEBUG c.jizhi.dao.PropertyDao.queryCanSell 159 - ==> Parameters: 2(Integer), 2020-01-16(String), 14:00(String)
2020-01-17 18:40:37,650 [pool-2-thread-1] DEBUG c.jizhi.dao.PropertyDao.queryCanSell 159 - <==      Total: 0
2020-01-17 18:40:37,652 [pool-2-thread-1] DEBUG com.jizhi.dao.AnimalDao.queryAll 159 - ==>  Preparing: select id,animalType,size,minPrice,maxPrice,profit,cycle,nfc,isShow from animal 
2020-01-17 18:40:37,652 [pool-2-thread-1] DEBUG com.jizhi.dao.AnimalDao.queryAll 159 - ==> Parameters: 
2020-01-17 18:40:37,653 [pool-2-thread-1] DEBUG com.jizhi.dao.AnimalDao.queryAll 159 - <==      Total: 2
2020-01-17 18:40:37,654 [pool-2-thread-1] DEBUG c.j.dao.OrderTimeDao.queryByAnimalId 159 - ==>  Preparing: select id, animalId, startTime,endTime from order_time where animalId=? 
2020-01-17 18:40:37,654 [pool-2-thread-1] DEBUG c.j.dao.OrderTimeDao.queryByAnimalId 159 - ==> Parameters: 1(Integer)
2020-01-17 18:40:37,655 [pool-2-thread-1] DEBUG c.j.dao.OrderTimeDao.queryByAnimalId 159 - <==      Total: 2
2020-01-17 18:40:37,657 [pool-2-thread-1] DEBUG c.j.dao.OrderTimeDao.queryByAnimalId 159 - ==>  Preparing: select id, animalId, startTime,endTime from order_time where animalId=? 
2020-01-17 18:40:37,657 [pool-2-thread-1] DEBUG c.j.dao.OrderTimeDao.queryByAnimalId 159 - ==> Parameters: 2(Integer)
2020-01-17 18:40:37,658 [pool-2-thread-1] DEBUG c.j.dao.OrderTimeDao.queryByAnimalId 159 - <==      Total: 2
2020-01-17 18:40:37,660 [pool-2-thread-1] DEBUG com.jizhi.dao.OrderDao.updateToFail 159 - ==>  Preparing: update orders set state=? where date=? and time=? and animalId=? and role=? and state=1 
2020-01-17 18:40:37,660 [pool-2-thread-1] DEBUG com.jizhi.dao.OrderDao.updateToFail 159 - ==> Parameters: 0(Integer), 2020-01-17(String), 14:30(String), 1(Integer), 0(Integer)
2020-01-17 18:40:37,661 [pool-2-thread-1] DEBUG com.jizhi.dao.OrderDao.updateToFail 159 - <==    Updates: 0
2020-01-17 18:40:37,662 [pool-2-thread-1] DEBUG com.jizhi.dao.OrderDao.updateToFail 159 - ==>  Preparing: update orders set state=? where date=? and time=? and animalId=? and role=? and state=1 
2020-01-17 18:40:37,663 [pool-2-thread-1] DEBUG com.jizhi.dao.OrderDao.updateToFail 159 - ==> Parameters: 0(Integer), 2020-01-17(String), 9:00(String), 1(Integer), 0(Integer)
2020-01-17 18:40:37,664 [pool-2-thread-1] DEBUG com.jizhi.dao.OrderDao.updateToFail 159 - <==    Updates: 0
2020-01-17 18:40:37,665 [pool-2-thread-1] DEBUG com.jizhi.dao.OrderDao.updateToFail 159 - ==>  Preparing: update orders set state=? where date=? and time=? and animalId=? and role=? and state=1 
2020-01-17 18:40:37,666 [pool-2-thread-1] DEBUG com.jizhi.dao.OrderDao.updateToFail 159 - ==> Parameters: 0(Integer), 2020-01-17(String), 9:00(String), 2(Integer), 0(Integer)
2020-01-17 18:40:37,666 [pool-2-thread-1] DEBUG com.jizhi.dao.OrderDao.updateToFail 159 - <==    Updates: 0
2020-01-17 18:40:37,668 [pool-2-thread-1] DEBUG c.j.d.M.queryAllByBuyerConfirm 159 - ==>  Preparing: select id,orderId,propertyId,price from match_tb where buyerConfirm=0 and sellerConfirm=0 
2020-01-17 18:40:37,668 [pool-2-thread-1] DEBUG c.j.d.M.queryAllByBuyerConfirm 159 - ==> Parameters: 
2020-01-17 18:40:37,669 [pool-2-thread-1] DEBUG c.j.d.M.queryAllByBuyerConfirm 159 - <==      Total: 0
2020-01-17 18:40:37,670 [pool-2-thread-1] DEBUG c.j.d.M.queryAllBySellerConfirm 159 - ==>  Preparing: select id,orderId,propertyId,price from match_tb where buyerConfirm=1 and sellerConfirm=0 
2020-01-17 18:40:37,671 [pool-2-thread-1] DEBUG c.j.d.M.queryAllBySellerConfirm 159 - ==> Parameters: 
2020-01-17 18:40:37,671 [pool-2-thread-1] DEBUG c.j.d.M.queryAllBySellerConfirm 159 - <==      Total: 0
