2020-01-20 09:23:13,472 [main] INFO  com.jizhi.QMApplication 48 - Starting QMApplication on SC-201804072133 with PID 5096 (E:\Ericcccccccccccccccccccccc\QMproject\quanming\target\classes started by Administrator in E:\Ericcccccccccccccccccccccc\QMproject\quanming)
2020-01-20 09:23:13,481 [main] DEBUG com.jizhi.QMApplication 51 - Running with Spring Boot v1.5.3.RELEASE, Spring v4.3.8.RELEASE
2020-01-20 09:23:13,483 [main] INFO  com.jizhi.QMApplication 637 - No active profile set, falling back to default profiles: default
2020-01-20 09:23:13,538 [main] INFO  o.s.b.c.e.AnnotationConfigEmbeddedWebApplicationContext 582 - Refreshing org.springframework.boot.context.embedded.AnnotationConfigEmbeddedWebApplicationContext@233fe9b6: startup date [Mon Jan 20 09:23:13 CST 2020]; root of context hierarchy
2020-01-20 09:23:13,983 [background-preinit] INFO  o.h.validator.internal.util.Version 30 - HV000001: Hibernate Validator 5.3.5.Final
2020-01-20 09:23:14,662 [main] INFO  o.s.d.r.c.RepositoryConfigurationDelegate 165 - Multiple Spring Data modules found, entering strict repository configuration mode!
2020-01-20 09:23:15,793 [main] INFO  o.s.b.c.e.t.TomcatEmbeddedServletContainer 89 - Tomcat initialized with port(s): 8090 (http)
2020-01-20 09:23:15,810 [main] INFO  o.a.catalina.core.StandardService 179 - Starting service Tomcat
2020-01-20 09:23:15,811 [main] INFO  o.a.catalina.core.StandardEngine 179 - Starting Servlet Engine: Apache Tomcat/8.5.14
2020-01-20 09:23:15,915 [localhost-startStop-1] INFO  o.a.c.c.C.[Tomcat].[localhost].[/] 179 - Initializing Spring embedded WebApplicationContext
2020-01-20 09:23:15,916 [localhost-startStop-1] INFO  o.s.web.context.ContextLoader 276 - Root WebApplicationContext: initialization completed in 2378 ms
2020-01-20 09:23:16,084 [localhost-startStop-1] INFO  o.s.b.w.s.ServletRegistrationBean 190 - Mapping servlet: 'dispatcherServlet' to [/]
2020-01-20 09:23:16,089 [localhost-startStop-1] INFO  o.s.b.w.s.FilterRegistrationBean 258 - Mapping filter: 'characterEncodingFilter' to: [/*]
2020-01-20 09:23:16,090 [localhost-startStop-1] INFO  o.s.b.w.s.FilterRegistrationBean 258 - Mapping filter: 'hiddenHttpMethodFilter' to: [/*]
2020-01-20 09:23:16,090 [localhost-startStop-1] INFO  o.s.b.w.s.FilterRegistrationBean 258 - Mapping filter: 'httpPutFormContentFilter' to: [/*]
2020-01-20 09:23:16,090 [localhost-startStop-1] INFO  o.s.b.w.s.FilterRegistrationBean 258 - Mapping filter: 'requestContextFilter' to: [/*]
2020-01-20 09:23:17,200 [main] INFO  o.s.w.s.m.m.a.RequestMappingHandlerAdapter 534 - Looking for @ControllerAdvice: org.springframework.boot.context.embedded.AnnotationConfigEmbeddedWebApplicationContext@233fe9b6: startup date [Mon Jan 20 09:23:13 CST 2020]; root of context hierarchy
2020-01-20 09:23:17,310 [main] INFO  o.s.w.s.m.m.a.RequestMappingHandlerMapping 543 - Mapped "{[/accountCard/save]}" onto public com.jizhi.pojo.FinalResult com.jizhi.controller.AccountCardController.saveIdCard(com.jizhi.pojo.AccountCard,javax.servlet.http.HttpServletRequest)
2020-01-20 09:23:17,311 [main] INFO  o.s.w.s.m.m.a.RequestMappingHandlerMapping 543 - Mapped "{[/accountCard/del]}" onto public com.jizhi.pojo.FinalResult com.jizhi.controller.AccountCardController.delIdCard(com.jizhi.pojo.AccountCard)
2020-01-20 09:23:17,311 [main] INFO  o.s.w.s.m.m.a.RequestMappingHandlerMapping 543 - Mapped "{[/accountCard/queryAll]}" onto public com.jizhi.pojo.FinalResult com.jizhi.controller.AccountCardController.queryAll(javax.servlet.http.HttpServletRequest)
2020-01-20 09:23:17,312 [main] INFO  o.s.w.s.m.m.a.RequestMappingHandlerMapping 543 - Mapped "{[/animal/all]}" onto public com.jizhi.pojo.FinalResult com.jizhi.controller.AnimalController.queryAnimalList()
2020-01-20 09:23:17,313 [main] INFO  o.s.w.s.m.m.a.RequestMappingHandlerMapping 543 - Mapped "{[/animal/firstPage]}" onto public com.jizhi.pojo.FinalResult com.jizhi.controller.AnimalController.firstPageInfo()
2020-01-20 09:23:17,316 [main] INFO  o.s.w.s.m.m.a.RequestMappingHandlerMapping 543 - Mapped "{[/feed/queryTotal]}" onto public com.jizhi.pojo.FinalResult com.jizhi.controller.FeedController.queryTotalFeed(javax.servlet.http.HttpServletRequest)
2020-01-20 09:23:17,317 [main] INFO  o.s.w.s.m.m.a.RequestMappingHandlerMapping 543 - Mapped "{[/feed/send]}" onto public com.jizhi.pojo.FinalResult com.jizhi.controller.FeedController.sendFeed(javax.servlet.http.HttpServletRequest,com.jizhi.pojo.vo.FeedSendParam)
2020-01-20 09:23:17,317 [main] INFO  o.s.w.s.m.m.a.RequestMappingHandlerMapping 543 - Mapped "{[/feed/queryDetail]}" onto public com.jizhi.pojo.FinalResult com.jizhi.controller.FeedController.queryFeedDetail(javax.servlet.http.HttpServletRequest)
2020-01-20 09:23:17,318 [main] INFO  o.s.w.s.m.m.a.RequestMappingHandlerMapping 543 - Mapped "{[/idCard/save]}" onto public com.jizhi.pojo.FinalResult com.jizhi.controller.IdCardController.saveIdCard(com.jizhi.pojo.IdCard,javax.servlet.http.HttpServletRequest)
2020-01-20 09:23:17,318 [main] INFO  o.s.w.s.m.m.a.RequestMappingHandlerMapping 543 - Mapped "{[/idCard/update]}" onto public com.jizhi.pojo.FinalResult com.jizhi.controller.IdCardController.updateIdCard(com.jizhi.pojo.IdCard,javax.servlet.http.HttpServletRequest)
2020-01-20 09:23:17,318 [main] INFO  o.s.w.s.m.m.a.RequestMappingHandlerMapping 543 - Mapped "{[/idCard/isConfirmed]}" onto public com.jizhi.pojo.FinalResult com.jizhi.controller.IdCardController.isConfirmed(javax.servlet.http.HttpServletRequest)
2020-01-20 09:23:17,319 [main] INFO  o.s.w.s.m.m.a.RequestMappingHandlerMapping 543 - Mapped "{[/user/allFeeding]}" onto public com.jizhi.pojo.FinalResult com.jizhi.controller.MatchController.showAllFeeding(javax.servlet.http.HttpServletRequest)
2020-01-20 09:23:17,319 [main] INFO  o.s.w.s.m.m.a.RequestMappingHandlerMapping 543 - Mapped "{[/user/buyerToPay]}" onto public com.jizhi.pojo.FinalResult com.jizhi.controller.MatchController.buyerToPay(com.jizhi.pojo.Match)
2020-01-20 09:23:17,319 [main] INFO  o.s.w.s.m.m.a.RequestMappingHandlerMapping 543 - Mapped "{[/user/doPay]}" onto public com.jizhi.pojo.FinalResult com.jizhi.controller.MatchController.doPay(com.jizhi.pojo.vo.BuyerDoPay,javax.servlet.http.HttpServletRequest)
2020-01-20 09:23:17,320 [main] INFO  o.s.w.s.m.m.a.RequestMappingHandlerMapping 543 - Mapped "{[/user/allBuying]}" onto public com.jizhi.pojo.FinalResult com.jizhi.controller.MatchController.showAllBuying(javax.servlet.http.HttpServletRequest)
2020-01-20 09:23:17,322 [main] INFO  o.s.w.s.m.m.a.RequestMappingHandlerMapping 543 - Mapped "{[/message/part]}" onto public com.jizhi.pojo.FinalResult com.jizhi.controller.MessageController.showMessage(com.jizhi.pojo.Message)
2020-01-20 09:23:17,324 [main] INFO  o.s.w.s.m.m.a.RequestMappingHandlerMapping 543 - Mapped "{[/message/all]}" onto public com.jizhi.pojo.FinalResult com.jizhi.controller.MessageController.showAllMessage()
2020-01-20 09:23:17,324 [main] INFO  o.s.w.s.m.m.a.RequestMappingHandlerMapping 543 - Mapped "{[/message/save]}" onto public com.jizhi.pojo.FinalResult com.jizhi.controller.MessageController.addMessage(com.jizhi.pojo.Message)
2020-01-20 09:23:17,324 [main] INFO  o.s.w.s.m.m.a.RequestMappingHandlerMapping 543 - Mapped "{[/message/delete]}" onto public com.jizhi.pojo.FinalResult com.jizhi.controller.MessageController.deleteMsg(com.jizhi.pojo.Message)
2020-01-20 09:23:17,325 [main] INFO  o.s.w.s.m.m.a.RequestMappingHandlerMapping 543 - Mapped "{[/que/update]}" onto public com.jizhi.pojo.FinalResult com.jizhi.controller.NormalQueController.update(com.jizhi.pojo.NormalQue)
2020-01-20 09:23:17,326 [main] INFO  o.s.w.s.m.m.a.RequestMappingHandlerMapping 543 - Mapped "{[/que/delete]}" onto public com.jizhi.pojo.FinalResult com.jizhi.controller.NormalQueController.delete(com.jizhi.pojo.NormalQue)
2020-01-20 09:23:17,326 [main] INFO  o.s.w.s.m.m.a.RequestMappingHandlerMapping 543 - Mapped "{[/que/add]}" onto public com.jizhi.pojo.FinalResult com.jizhi.controller.NormalQueController.addQue(com.jizhi.pojo.NormalQue)
2020-01-20 09:23:17,326 [main] INFO  o.s.w.s.m.m.a.RequestMappingHandlerMapping 543 - Mapped "{[/que/queryAll]}" onto public com.jizhi.pojo.FinalResult com.jizhi.controller.NormalQueController.queryAllQue()
2020-01-20 09:23:17,327 [main] INFO  o.s.w.s.m.m.a.RequestMappingHandlerMapping 543 - Mapped "{[/order/add]}" onto public com.jizhi.pojo.FinalResult com.jizhi.controller.OrderController.addOrder(com.jizhi.pojo.OrderTime,javax.servlet.http.HttpServletRequest)
2020-01-20 09:23:17,327 [main] INFO  o.s.w.s.m.m.a.RequestMappingHandlerMapping 543 - Mapped "{[/order/allOrder]}" onto public com.jizhi.pojo.FinalResult com.jizhi.controller.OrderController.queryAllByUserId(javax.servlet.http.HttpServletRequest)
2020-01-20 09:23:17,327 [main] INFO  o.s.w.s.m.m.a.RequestMappingHandlerMapping 543 - Mapped "{[/order/try]}" onto public com.jizhi.pojo.FinalResult com.jizhi.controller.OrderController.toOrder(com.jizhi.pojo.Animal,javax.servlet.http.HttpServletRequest)
2020-01-20 09:23:17,328 [main] INFO  o.s.w.s.m.m.a.RequestMappingHandlerMapping 543 - Mapped "{[/otherInfo/query]}" onto public com.jizhi.pojo.FinalResult com.jizhi.controller.OtherInfoController.query()
2020-01-20 09:23:17,329 [main] INFO  o.s.w.s.m.m.a.RequestMappingHandlerMapping 543 - Mapped "{[/profits/tryShareProfitsToFeed]}" onto public com.jizhi.pojo.FinalResult com.jizhi.controller.ProfitsController.tryShareProfitsToFeed(javax.servlet.http.HttpServletRequest)
2020-01-20 09:23:17,329 [main] INFO  o.s.w.s.m.m.a.RequestMappingHandlerMapping 543 - Mapped "{[/profits/update]}" onto public com.jizhi.pojo.FinalResult com.jizhi.controller.ProfitsController.updateShareProfit(javax.servlet.http.HttpServletRequest,com.jizhi.pojo.vo.UserInfo)
2020-01-20 09:23:17,330 [main] INFO  o.s.w.s.m.m.a.RequestMappingHandlerMapping 543 - Mapped "{[/profits/shareProfitsToFeed]}" onto public com.jizhi.pojo.FinalResult com.jizhi.controller.ProfitsController.shareProfitsToFeed(com.jizhi.pojo.vo.FeedExchangeParam)
2020-01-20 09:23:17,330 [main] INFO  o.s.w.s.m.m.a.RequestMappingHandlerMapping 543 - Mapped "{[/profits/tryNFCToFeed]}" onto public com.jizhi.pojo.FinalResult com.jizhi.controller.ProfitsController.tryNFCToFeed(javax.servlet.http.HttpServletRequest)
2020-01-20 09:23:17,330 [main] INFO  o.s.w.s.m.m.a.RequestMappingHandlerMapping 543 - Mapped "{[/profits/NFCToFeed]}" onto public com.jizhi.pojo.FinalResult com.jizhi.controller.ProfitsController.NFCToFeed(com.jizhi.pojo.vo.FeedExchangeParam)
2020-01-20 09:23:17,332 [main] INFO  o.s.w.s.m.m.a.RequestMappingHandlerMapping 543 - Mapped "{[/property/waitSellList]}" onto public com.jizhi.pojo.FinalResult com.jizhi.controller.PropertyController.waitSell(javax.servlet.http.HttpServletRequest)
2020-01-20 09:23:17,332 [main] INFO  o.s.w.s.m.m.a.RequestMappingHandlerMapping 543 - Mapped "{[/property/isSellingList]}" onto public com.jizhi.pojo.FinalResult com.jizhi.controller.PropertyController.isSelling(javax.servlet.http.HttpServletRequest)
2020-01-20 09:23:17,332 [main] INFO  o.s.w.s.m.m.a.RequestMappingHandlerMapping 543 - Mapped "{[/property/isSoldList]}" onto public com.jizhi.pojo.FinalResult com.jizhi.controller.PropertyController.isSold(javax.servlet.http.HttpServletRequest)
2020-01-20 09:23:17,333 [main] INFO  o.s.w.s.m.m.a.RequestMappingHandlerMapping 543 - Mapped "{[/property/toSell]}" onto public com.jizhi.pojo.FinalResult com.jizhi.controller.PropertyController.toSell(com.jizhi.pojo.Match)
2020-01-20 09:23:17,333 [main] INFO  o.s.w.s.m.m.a.RequestMappingHandlerMapping 543 - Mapped "{[/property/doSell]}" onto public com.jizhi.pojo.FinalResult com.jizhi.controller.PropertyController.doSell(com.jizhi.pojo.vo.Sell)
2020-01-20 09:23:17,333 [main] INFO  o.s.w.s.m.m.a.RequestMappingHandlerMapping 543 - Mapped "{[/property/cancelSell]}" onto public com.jizhi.pojo.FinalResult com.jizhi.controller.PropertyController.cancelSell(com.jizhi.pojo.vo.Sell)
2020-01-20 09:23:17,334 [main] INFO  o.s.w.s.m.m.a.RequestMappingHandlerMapping 543 - Mapped "{[/serviceOnline/query]}" onto public com.jizhi.pojo.FinalResult com.jizhi.controller.ServiceOnlineController.query(javax.servlet.http.HttpServletRequest)
2020-01-20 09:23:17,335 [main] INFO  o.s.w.s.m.m.a.RequestMappingHandlerMapping 543 - Mapped "{[/serviceOnline/sendMsg]}" onto public com.jizhi.pojo.FinalResult com.jizhi.controller.ServiceOnlineController.addMsg(javax.servlet.http.HttpServletRequest,com.jizhi.pojo.ServiceOnline)
2020-01-20 09:23:17,335 [main] INFO  o.s.w.s.m.m.a.RequestMappingHandlerMapping 543 - Mapped "{[/serviceOnline/queryQue]}" onto public com.jizhi.pojo.FinalResult com.jizhi.controller.ServiceOnlineController.queryQue(com.jizhi.pojo.User)
2020-01-20 09:23:17,335 [main] INFO  o.s.w.s.m.m.a.RequestMappingHandlerMapping 543 - Mapped "{[/serviceOnline/allNotAnswered]}" onto public com.jizhi.pojo.FinalResult com.jizhi.controller.ServiceOnlineController.queryNotAnswered()
2020-01-20 09:23:17,335 [main] INFO  o.s.w.s.m.m.a.RequestMappingHandlerMapping 543 - Mapped "{[/serviceOnline/answer]}" onto public com.jizhi.pojo.FinalResult com.jizhi.controller.ServiceOnlineController.answer(com.jizhi.pojo.ServiceOnline)
2020-01-20 09:23:17,335 [main] INFO  o.s.w.s.m.m.a.RequestMappingHandlerMapping 543 - Mapped "{[/serviceOnline/sendPic]}" onto public com.jizhi.pojo.FinalResult com.jizhi.controller.ServiceOnlineController.addPic(javax.servlet.http.HttpServletRequest,com.jizhi.pojo.ServiceOnline)
2020-01-20 09:23:17,337 [main] INFO  o.s.w.s.m.m.a.RequestMappingHandlerMapping 543 - Mapped "{[/qm/register]}" onto public com.jizhi.pojo.FinalResult com.jizhi.controller.UserController.register(com.jizhi.pojo.vo.LoginInfo)
2020-01-20 09:23:17,339 [main] INFO  o.s.w.s.m.m.a.RequestMappingHandlerMapping 543 - Mapped "{[/qm/updatePsw]}" onto public com.jizhi.pojo.FinalResult com.jizhi.controller.UserController.updatePsw(com.jizhi.pojo.vo.PswInfo,javax.servlet.http.HttpServletRequest)
2020-01-20 09:23:17,340 [main] INFO  o.s.w.s.m.m.a.RequestMappingHandlerMapping 543 - Mapped "{[/qm/updateSecondPsw]}" onto public com.jizhi.pojo.FinalResult com.jizhi.controller.UserController.updateSecondPsw(com.jizhi.pojo.vo.PswInfo,javax.servlet.http.HttpServletRequest)
2020-01-20 09:23:17,340 [main] INFO  o.s.w.s.m.m.a.RequestMappingHandlerMapping 543 - Mapped "{[/qm/share]}" onto public com.jizhi.pojo.FinalResult com.jizhi.controller.UserController.share(javax.servlet.http.HttpServletRequest)
2020-01-20 09:23:17,340 [main] INFO  o.s.w.s.m.m.a.RequestMappingHandlerMapping 543 - Mapped "{[/qm/code]}" onto public com.jizhi.pojo.FinalResult com.jizhi.controller.UserController.sendMsgCode(com.jizhi.pojo.User) throws java.lang.Exception
2020-01-20 09:23:17,341 [main] INFO  o.s.w.s.m.m.a.RequestMappingHandlerMapping 543 - Mapped "{[/qm/userInfo]}" onto public com.jizhi.pojo.FinalResult com.jizhi.controller.UserController.queryUserInfo(javax.servlet.http.HttpServletRequest)
2020-01-20 09:23:17,341 [main] INFO  o.s.w.s.m.m.a.RequestMappingHandlerMapping 543 - Mapped "{[/qm/test]}" onto public java.lang.String com.jizhi.controller.UserController.voidtest(javax.servlet.http.HttpServletRequest)
2020-01-20 09:23:17,341 [main] INFO  o.s.w.s.m.m.a.RequestMappingHandlerMapping 543 - Mapped "{[/qm/login]}" onto public com.jizhi.pojo.FinalResult com.jizhi.controller.UserController.login(com.jizhi.pojo.User)
2020-01-20 09:23:17,341 [main] INFO  o.s.w.s.m.m.a.RequestMappingHandlerMapping 543 - Mapped "{[/qm/renamePsw]}" onto public com.jizhi.pojo.FinalResult com.jizhi.controller.UserController.forgetPsw(com.jizhi.pojo.vo.LoginInfo)
2020-01-20 09:23:17,343 [main] INFO  o.s.w.s.m.m.a.RequestMappingHandlerMapping 543 - Mapped "{[/qm/myTeam]}" onto public com.jizhi.pojo.FinalResult com.jizhi.controller.UserController.queryMyTeam(javax.servlet.http.HttpServletRequest)
2020-01-20 09:23:17,343 [main] INFO  o.s.w.s.m.m.a.RequestMappingHandlerMapping 543 - Mapped "{[/qm/quit]}" onto public com.jizhi.pojo.FinalResult com.jizhi.controller.UserController.quit(javax.servlet.http.HttpServletRequest)
2020-01-20 09:23:17,345 [main] INFO  o.s.w.s.m.m.a.RequestMappingHandlerMapping 543 - Mapped "{[/error]}" onto public org.springframework.http.ResponseEntity<java.util.Map<java.lang.String, java.lang.Object>> org.springframework.boot.autoconfigure.web.BasicErrorController.error(javax.servlet.http.HttpServletRequest)
2020-01-20 09:23:17,346 [main] INFO  o.s.w.s.m.m.a.RequestMappingHandlerMapping 543 - Mapped "{[/error],produces=[text/html]}" onto public org.springframework.web.servlet.ModelAndView org.springframework.boot.autoconfigure.web.BasicErrorController.errorHtml(javax.servlet.http.HttpServletRequest,javax.servlet.http.HttpServletResponse)
2020-01-20 09:23:17,407 [main] INFO  o.s.w.s.h.SimpleUrlHandlerMapping 362 - Mapped URL path [/pics/**] onto handler of type [class org.springframework.web.servlet.resource.ResourceHttpRequestHandler]
2020-01-20 09:23:17,407 [main] INFO  o.s.w.s.h.SimpleUrlHandlerMapping 362 - Mapped URL path [/webjars/**] onto handler of type [class org.springframework.web.servlet.resource.ResourceHttpRequestHandler]
2020-01-20 09:23:17,408 [main] INFO  o.s.w.s.h.SimpleUrlHandlerMapping 362 - Mapped URL path [/**] onto handler of type [class org.springframework.web.servlet.resource.ResourceHttpRequestHandler]
2020-01-20 09:23:17,476 [main] INFO  o.s.w.s.h.SimpleUrlHandlerMapping 362 - Mapped URL path [/**/favicon.ico] onto handler of type [class org.springframework.web.servlet.resource.ResourceHttpRequestHandler]
2020-01-20 09:23:18,044 [main] INFO  o.s.j.e.a.AnnotationMBeanExporter 431 - Registering beans for JMX exposure on startup
2020-01-20 09:23:18,065 [main] INFO  o.s.s.a.ScheduledAnnotationBeanPostProcessor 260 - No TaskScheduler/ScheduledExecutorService bean found for scheduled processing
2020-01-20 09:23:18,088 [main] INFO  o.a.coyote.http11.Http11NioProtocol 179 - Initializing ProtocolHandler ["http-nio-8090"]
2020-01-20 09:23:18,098 [pool-2-thread-1] INFO  c.j.service.impl.AutomaticService 67 - 自动匹配开始执行
2020-01-20 09:23:18,126 [main] INFO  o.a.coyote.http11.Http11NioProtocol 179 - Starting ProtocolHandler ["http-nio-8090"]
2020-01-20 09:23:18,141 [pool-2-thread-1] WARN  o.a.tomcat.jdbc.pool.ConnectionPool 179 - maxIdle is larger than maxActive, setting maxIdle to: 20
2020-01-20 09:23:18,187 [main] INFO  o.a.tomcat.util.net.NioSelectorPool 179 - Using a shared selector for servlet write/read
2020-01-20 09:23:18,242 [main] INFO  o.s.b.c.e.t.TomcatEmbeddedServletContainer 198 - Tomcat started on port(s): 8090 (http)
2020-01-20 09:23:18,250 [main] INFO  com.jizhi.QMApplication 57 - Started QMApplication in 5.145 seconds (JVM running for 5.564)
2020-01-20 09:23:18,612 [pool-2-thread-1] DEBUG com.jizhi.dao.AnimalDao.queryAll 159 - ==>  Preparing: select id,animalType,size,minPrice,maxPrice,profit,cycle,nfc,isShow from animal 
2020-01-20 09:23:18,634 [pool-2-thread-1] DEBUG com.jizhi.dao.AnimalDao.queryAll 159 - ==> Parameters: 
2020-01-20 09:23:18,644 [pool-2-thread-1] DEBUG com.jizhi.dao.AnimalDao.queryAll 159 - <==      Total: 2
2020-01-20 09:23:18,646 [pool-2-thread-1] DEBUG c.j.dao.OrderTimeDao.queryByAnimalId 159 - ==>  Preparing: select id, animalId, startTime,endTime from order_time where animalId=? 
2020-01-20 09:23:18,646 [pool-2-thread-1] DEBUG c.j.dao.OrderTimeDao.queryByAnimalId 159 - ==> Parameters: 1(Integer)
2020-01-20 09:23:18,647 [pool-2-thread-1] DEBUG c.j.dao.OrderTimeDao.queryByAnimalId 159 - <==      Total: 2
2020-01-20 09:23:18,648 [pool-2-thread-1] DEBUG c.j.dao.OrderTimeDao.queryByAnimalId 159 - ==>  Preparing: select id, animalId, startTime,endTime from order_time where animalId=? 
2020-01-20 09:23:18,648 [pool-2-thread-1] DEBUG c.j.dao.OrderTimeDao.queryByAnimalId 159 - ==> Parameters: 2(Integer)
2020-01-20 09:23:18,649 [pool-2-thread-1] DEBUG c.j.dao.OrderTimeDao.queryByAnimalId 159 - <==      Total: 2
2020-01-20 09:23:18,652 [pool-2-thread-1] DEBUG com.jizhi.dao.AnimalDao.queryById 159 - ==>  Preparing: select id,animalType,size,profit,minPrice,maxPrice,nfc,cycle from animal where id=? 
2020-01-20 09:23:18,653 [pool-2-thread-1] DEBUG com.jizhi.dao.AnimalDao.queryById 159 - ==> Parameters: 1(Integer)
2020-01-20 09:23:18,654 [pool-2-thread-1] DEBUG com.jizhi.dao.AnimalDao.queryById 159 - <==      Total: 1
2020-01-20 09:23:18,658 [pool-2-thread-1] DEBUG com.jizhi.dao.OrderDao.queryAll 159 - ==>  Preparing: select id,userId,animalId,date,time,state,role from orders where animalId=? and date=? and time=? and state=1 and role=0 and flag=0 
2020-01-20 09:23:18,659 [pool-2-thread-1] DEBUG com.jizhi.dao.OrderDao.queryAll 159 - ==> Parameters: 1(Integer), 2020-01-20(String), 9:00(String)
2020-01-20 09:23:18,660 [pool-2-thread-1] DEBUG com.jizhi.dao.OrderDao.queryAll 159 - <==      Total: 0
2020-01-20 09:23:18,663 [pool-2-thread-1] DEBUG c.jizhi.dao.PropertyDao.queryCanSell 159 - ==>  Preparing: select id,userId,animalId,price,buyDate,buyTime,role,code from property where animalId=? and buyDate=? and buyTime=? and isSold=0 and role=0 
2020-01-20 09:23:18,663 [pool-2-thread-1] DEBUG c.jizhi.dao.PropertyDao.queryCanSell 159 - ==> Parameters: 1(Integer), 2020-01-19(String), 9:00(String)
2020-01-20 09:23:18,664 [pool-2-thread-1] DEBUG c.jizhi.dao.PropertyDao.queryCanSell 159 - <==      Total: 0
2020-01-20 09:23:18,666 [pool-2-thread-1] DEBUG com.jizhi.dao.AnimalDao.queryById 159 - ==>  Preparing: select id,animalType,size,profit,minPrice,maxPrice,nfc,cycle from animal where id=? 
2020-01-20 09:23:18,667 [pool-2-thread-1] DEBUG com.jizhi.dao.AnimalDao.queryById 159 - ==> Parameters: 2(Integer)
2020-01-20 09:23:18,668 [pool-2-thread-1] DEBUG com.jizhi.dao.AnimalDao.queryById 159 - <==      Total: 1
2020-01-20 09:23:18,670 [pool-2-thread-1] DEBUG com.jizhi.dao.OrderDao.queryAll 159 - ==>  Preparing: select id,userId,animalId,date,time,state,role from orders where animalId=? and date=? and time=? and state=1 and role=0 and flag=0 
2020-01-20 09:23:18,670 [pool-2-thread-1] DEBUG com.jizhi.dao.OrderDao.queryAll 159 - ==> Parameters: 2(Integer), 2020-01-20(String), 9:00(String)
2020-01-20 09:23:18,672 [pool-2-thread-1] DEBUG com.jizhi.dao.OrderDao.queryAll 159 - <==      Total: 0
2020-01-20 09:23:18,675 [pool-2-thread-1] DEBUG c.jizhi.dao.PropertyDao.queryCanSell 159 - ==>  Preparing: select id,userId,animalId,price,buyDate,buyTime,role,code from property where animalId=? and buyDate=? and buyTime=? and isSold=0 and role=0 
2020-01-20 09:23:18,676 [pool-2-thread-1] DEBUG c.jizhi.dao.PropertyDao.queryCanSell 159 - ==> Parameters: 2(Integer), 2020-01-19(String), 9:00(String)
2020-01-20 09:23:18,677 [pool-2-thread-1] DEBUG c.jizhi.dao.PropertyDao.queryCanSell 159 - <==      Total: 0
2020-01-20 09:23:18,678 [pool-2-thread-1] INFO  c.j.service.impl.AutomaticService 243 - 自动匹配执行结束
2020-01-20 09:23:18,679 [pool-2-thread-1] INFO  c.j.service.impl.AutomaticService 253 - 自动匹配执行结束
2020-01-20 09:23:18,680 [pool-2-thread-1] DEBUG com.jizhi.dao.AnimalDao.queryAll 159 - ==>  Preparing: select id,animalType,size,minPrice,maxPrice,profit,cycle,nfc,isShow from animal 
2020-01-20 09:23:18,680 [pool-2-thread-1] DEBUG com.jizhi.dao.AnimalDao.queryAll 159 - ==> Parameters: 
2020-01-20 09:23:18,681 [pool-2-thread-1] DEBUG com.jizhi.dao.AnimalDao.queryAll 159 - <==      Total: 2
2020-01-20 09:23:18,682 [pool-2-thread-1] DEBUG c.j.dao.OrderTimeDao.queryByAnimalId 159 - ==>  Preparing: select id, animalId, startTime,endTime from order_time where animalId=? 
2020-01-20 09:23:18,682 [pool-2-thread-1] DEBUG c.j.dao.OrderTimeDao.queryByAnimalId 159 - ==> Parameters: 1(Integer)
2020-01-20 09:23:18,683 [pool-2-thread-1] DEBUG c.j.dao.OrderTimeDao.queryByAnimalId 159 - <==      Total: 2
2020-01-20 09:23:18,684 [pool-2-thread-1] DEBUG c.j.dao.OrderTimeDao.queryByAnimalId 159 - ==>  Preparing: select id, animalId, startTime,endTime from order_time where animalId=? 
2020-01-20 09:23:18,684 [pool-2-thread-1] DEBUG c.j.dao.OrderTimeDao.queryByAnimalId 159 - ==> Parameters: 2(Integer)
2020-01-20 09:23:18,685 [pool-2-thread-1] DEBUG c.j.dao.OrderTimeDao.queryByAnimalId 159 - <==      Total: 2
2020-01-20 09:23:18,688 [pool-2-thread-1] DEBUG c.j.d.M.queryAllByBuyerConfirm 159 - ==>  Preparing: select id,orderId,propertyId,price from match_tb where buyerConfirm=0 and sellerConfirm=0 
2020-01-20 09:23:18,688 [pool-2-thread-1] DEBUG c.j.d.M.queryAllByBuyerConfirm 159 - ==> Parameters: 
2020-01-20 09:23:18,689 [pool-2-thread-1] DEBUG c.j.d.M.queryAllByBuyerConfirm 159 - <==      Total: 0
2020-01-20 09:23:18,691 [pool-2-thread-1] DEBUG c.j.d.M.queryAllBySellerConfirm 159 - ==>  Preparing: select id,orderId,propertyId,price from match_tb where buyerConfirm=1 and sellerConfirm=0 
2020-01-20 09:23:18,691 [pool-2-thread-1] DEBUG c.j.d.M.queryAllBySellerConfirm 159 - ==> Parameters: 
2020-01-20 09:23:18,692 [pool-2-thread-1] DEBUG c.j.d.M.queryAllBySellerConfirm 159 - <==      Total: 0
2020-01-20 09:23:18,693 [pool-2-thread-1] INFO  c.j.service.impl.AutomaticService 400 - 自动确认执行结束
2020-01-20 09:26:18,079 [pool-2-thread-1] INFO  c.j.service.impl.AutomaticService 67 - 自动匹配开始执行
2020-01-20 09:26:18,096 [pool-2-thread-1] DEBUG com.jizhi.dao.AnimalDao.queryAll 159 - ==>  Preparing: select id,animalType,size,minPrice,maxPrice,profit,cycle,nfc,isShow from animal 
2020-01-20 09:26:18,098 [pool-2-thread-1] DEBUG com.jizhi.dao.AnimalDao.queryAll 159 - ==> Parameters: 
2020-01-20 09:26:18,103 [pool-2-thread-1] DEBUG com.jizhi.dao.AnimalDao.queryAll 159 - <==      Total: 2
2020-01-20 09:26:18,105 [pool-2-thread-1] DEBUG c.j.dao.OrderTimeDao.queryByAnimalId 159 - ==>  Preparing: select id, animalId, startTime,endTime from order_time where animalId=? 
2020-01-20 09:26:18,107 [pool-2-thread-1] DEBUG c.j.dao.OrderTimeDao.queryByAnimalId 159 - ==> Parameters: 1(Integer)
2020-01-20 09:26:18,109 [pool-2-thread-1] DEBUG c.j.dao.OrderTimeDao.queryByAnimalId 159 - <==      Total: 2
2020-01-20 09:26:18,110 [pool-2-thread-1] DEBUG c.j.dao.OrderTimeDao.queryByAnimalId 159 - ==>  Preparing: select id, animalId, startTime,endTime from order_time where animalId=? 
2020-01-20 09:26:18,111 [pool-2-thread-1] DEBUG c.j.dao.OrderTimeDao.queryByAnimalId 159 - ==> Parameters: 2(Integer)
2020-01-20 09:26:18,112 [pool-2-thread-1] DEBUG c.j.dao.OrderTimeDao.queryByAnimalId 159 - <==      Total: 2
2020-01-20 09:26:18,114 [pool-2-thread-1] DEBUG com.jizhi.dao.AnimalDao.queryById 159 - ==>  Preparing: select id,animalType,size,profit,minPrice,maxPrice,nfc,cycle from animal where id=? 
2020-01-20 09:26:18,114 [pool-2-thread-1] DEBUG com.jizhi.dao.AnimalDao.queryById 159 - ==> Parameters: 1(Integer)
2020-01-20 09:26:18,116 [pool-2-thread-1] DEBUG com.jizhi.dao.AnimalDao.queryById 159 - <==      Total: 1
2020-01-20 09:26:18,118 [pool-2-thread-1] DEBUG com.jizhi.dao.OrderDao.queryAll 159 - ==>  Preparing: select id,userId,animalId,date,time,state,role from orders where animalId=? and date=? and time=? and state=1 and role=0 and flag=0 
2020-01-20 09:26:18,118 [pool-2-thread-1] DEBUG com.jizhi.dao.OrderDao.queryAll 159 - ==> Parameters: 1(Integer), 2020-01-20(String), 9:00(String)
2020-01-20 09:26:18,119 [pool-2-thread-1] DEBUG com.jizhi.dao.OrderDao.queryAll 159 - <==      Total: 0
2020-01-20 09:26:18,122 [pool-2-thread-1] DEBUG c.jizhi.dao.PropertyDao.queryCanSell 159 - ==>  Preparing: select id,userId,animalId,price,buyDate,buyTime,role,code from property where animalId=? and buyDate=? and buyTime=? and isSold=0 and role=0 
2020-01-20 09:26:18,122 [pool-2-thread-1] DEBUG c.jizhi.dao.PropertyDao.queryCanSell 159 - ==> Parameters: 1(Integer), 2020-01-19(String), 9:00(String)
2020-01-20 09:26:18,123 [pool-2-thread-1] DEBUG c.jizhi.dao.PropertyDao.queryCanSell 159 - <==      Total: 0
2020-01-20 09:26:18,125 [pool-2-thread-1] DEBUG com.jizhi.dao.AnimalDao.queryById 159 - ==>  Preparing: select id,animalType,size,profit,minPrice,maxPrice,nfc,cycle from animal where id=? 
2020-01-20 09:26:18,126 [pool-2-thread-1] DEBUG com.jizhi.dao.AnimalDao.queryById 159 - ==> Parameters: 2(Integer)
2020-01-20 09:26:18,127 [pool-2-thread-1] DEBUG com.jizhi.dao.AnimalDao.queryById 159 - <==      Total: 1
2020-01-20 09:26:18,129 [pool-2-thread-1] DEBUG com.jizhi.dao.OrderDao.queryAll 159 - ==>  Preparing: select id,userId,animalId,date,time,state,role from orders where animalId=? and date=? and time=? and state=1 and role=0 and flag=0 
2020-01-20 09:26:18,129 [pool-2-thread-1] DEBUG com.jizhi.dao.OrderDao.queryAll 159 - ==> Parameters: 2(Integer), 2020-01-20(String), 9:00(String)
2020-01-20 09:26:18,130 [pool-2-thread-1] DEBUG com.jizhi.dao.OrderDao.queryAll 159 - <==      Total: 0
2020-01-20 09:26:18,133 [pool-2-thread-1] DEBUG c.jizhi.dao.PropertyDao.queryCanSell 159 - ==>  Preparing: select id,userId,animalId,price,buyDate,buyTime,role,code from property where animalId=? and buyDate=? and buyTime=? and isSold=0 and role=0 
2020-01-20 09:26:18,133 [pool-2-thread-1] DEBUG c.jizhi.dao.PropertyDao.queryCanSell 159 - ==> Parameters: 2(Integer), 2020-01-19(String), 9:00(String)
2020-01-20 09:26:18,135 [pool-2-thread-1] DEBUG c.jizhi.dao.PropertyDao.queryCanSell 159 - <==      Total: 0
2020-01-20 09:26:18,136 [pool-2-thread-1] INFO  c.j.service.impl.AutomaticService 243 - 自动匹配执行结束
2020-01-20 09:26:18,136 [pool-2-thread-1] INFO  c.j.service.impl.AutomaticService 253 - 自动匹配执行结束
2020-01-20 09:26:18,137 [pool-2-thread-1] DEBUG com.jizhi.dao.AnimalDao.queryAll 159 - ==>  Preparing: select id,animalType,size,minPrice,maxPrice,profit,cycle,nfc,isShow from animal 
2020-01-20 09:26:18,137 [pool-2-thread-1] DEBUG com.jizhi.dao.AnimalDao.queryAll 159 - ==> Parameters: 
2020-01-20 09:26:18,139 [pool-2-thread-1] DEBUG com.jizhi.dao.AnimalDao.queryAll 159 - <==      Total: 2
2020-01-20 09:26:18,139 [pool-2-thread-1] DEBUG c.j.dao.OrderTimeDao.queryByAnimalId 159 - ==>  Preparing: select id, animalId, startTime,endTime from order_time where animalId=? 
2020-01-20 09:26:18,139 [pool-2-thread-1] DEBUG c.j.dao.OrderTimeDao.queryByAnimalId 159 - ==> Parameters: 1(Integer)
2020-01-20 09:26:18,140 [pool-2-thread-1] DEBUG c.j.dao.OrderTimeDao.queryByAnimalId 159 - <==      Total: 2
2020-01-20 09:26:18,141 [pool-2-thread-1] DEBUG c.j.dao.OrderTimeDao.queryByAnimalId 159 - ==>  Preparing: select id, animalId, startTime,endTime from order_time where animalId=? 
2020-01-20 09:26:18,141 [pool-2-thread-1] DEBUG c.j.dao.OrderTimeDao.queryByAnimalId 159 - ==> Parameters: 2(Integer)
2020-01-20 09:26:18,143 [pool-2-thread-1] DEBUG c.j.dao.OrderTimeDao.queryByAnimalId 159 - <==      Total: 2
2020-01-20 09:26:18,145 [pool-2-thread-1] DEBUG c.j.d.M.queryAllByBuyerConfirm 159 - ==>  Preparing: select id,orderId,propertyId,price from match_tb where buyerConfirm=0 and sellerConfirm=0 
2020-01-20 09:26:18,145 [pool-2-thread-1] DEBUG c.j.d.M.queryAllByBuyerConfirm 159 - ==> Parameters: 
2020-01-20 09:26:18,146 [pool-2-thread-1] DEBUG c.j.d.M.queryAllByBuyerConfirm 159 - <==      Total: 0
2020-01-20 09:26:18,147 [pool-2-thread-1] DEBUG c.j.d.M.queryAllBySellerConfirm 159 - ==>  Preparing: select id,orderId,propertyId,price from match_tb where buyerConfirm=1 and sellerConfirm=0 
2020-01-20 09:26:18,147 [pool-2-thread-1] DEBUG c.j.d.M.queryAllBySellerConfirm 159 - ==> Parameters: 
2020-01-20 09:26:18,148 [pool-2-thread-1] DEBUG c.j.d.M.queryAllBySellerConfirm 159 - <==      Total: 0
2020-01-20 09:26:18,149 [pool-2-thread-1] INFO  c.j.service.impl.AutomaticService 400 - 自动确认执行结束
